  LJMULevelDemo.cpp
D:\Game Development\GitLocalRepositories\Github_MotylWRZ\RRT_6107COMP\6107COMP-Coursework-Template\Applications\6107COMP-Coursework-Template\LJMULevelDemo.cpp(423,43): warning C4244: 'argument': conversion from 'float' to 'int', possible loss of data
D:\Game Development\GitLocalRepositories\Github_MotylWRZ\RRT_6107COMP\6107COMP-Coursework-Template\Applications\6107COMP-Coursework-Template\LJMULevelDemo.cpp(423,27): warning C4244: 'argument': conversion from 'float' to 'int', possible loss of data
D:\Game Development\GitLocalRepositories\Github_MotylWRZ\RRT_6107COMP\6107COMP-Coursework-Template\Applications\6107COMP-Coursework-Template\LJMULevelDemo.cpp(461,46): warning C4244: 'argument': conversion from 'float' to 'UINT', possible loss of data
D:\Game Development\GitLocalRepositories\Github_MotylWRZ\RRT_6107COMP\6107COMP-Coursework-Template\Applications\6107COMP-Coursework-Template\LJMULevelDemo.cpp(461,30): warning C4244: 'argument': conversion from 'float' to 'UINT', possible loss of data
  Terrain.cpp
  TerrainGenerator.cpp
D:\Game Development\GitLocalRepositories\Github_MotylWRZ\RRT_6107COMP\6107COMP-Coursework-Template\Applications\6107COMP-Coursework-Template\TerrainGenerator.cpp(29,17): warning C4244: 'initializing': conversion from 'int' to 'float', possible loss of data
D:\Game Development\GitLocalRepositories\Github_MotylWRZ\RRT_6107COMP\6107COMP-Coursework-Template\Applications\6107COMP-Coursework-Template\TerrainGenerator.cpp(121,17): warning C4244: 'initializing': conversion from 'int' to 'float', possible loss of data
D:\Game Development\GitLocalRepositories\Github_MotylWRZ\RRT_6107COMP\6107COMP-Coursework-Template\Applications\6107COMP-Coursework-Template\TerrainGenerator.cpp(216,6): warning C4101: 'tLandscapeOffsetX': unreferenced local variable
D:\Game Development\GitLocalRepositories\Github_MotylWRZ\RRT_6107COMP\6107COMP-Coursework-Template\Applications\6107COMP-Coursework-Template\TerrainGenerator.cpp(217,6): warning C4101: 'tLandscapeOffsetZ': unreferenced local variable
D:\Game Development\GitLocalRepositories\Github_MotylWRZ\RRT_6107COMP\6107COMP-Coursework-Template\Applications\6107COMP-Coursework-Template\TerrainGenerator.cpp(272,25): warning C4244: 'initializing': conversion from 'double' to 'int', possible loss of data
D:\Game Development\GitLocalRepositories\Github_MotylWRZ\RRT_6107COMP\6107COMP-Coursework-Template\Applications\6107COMP-Coursework-Template\TerrainGenerator.cpp(366,17): warning C4244: 'initializing': conversion from 'int' to 'float', possible loss of data
D:\Game Development\GitLocalRepositories\Github_MotylWRZ\RRT_6107COMP\6107COMP-Coursework-Template\Applications\6107COMP-Coursework-Template\TerrainGenerator.cpp(427,46): warning C4244: 'argument': conversion from 'int' to 'FN_DECIMAL', possible loss of data
D:\Game Development\GitLocalRepositories\Github_MotylWRZ\RRT_6107COMP\6107COMP-Coursework-Template\Applications\6107COMP-Coursework-Template\TerrainGenerator.cpp(427,43): warning C4244: 'argument': conversion from 'int' to 'FN_DECIMAL', possible loss of data
D:\Game Development\GitLocalRepositories\Github_MotylWRZ\RRT_6107COMP\6107COMP-Coursework-Template\Applications\6107COMP-Coursework-Template\TerrainGenerator.cpp(452,17): warning C4244: 'initializing': conversion from 'double' to 'float', possible loss of data
D:\Game Development\GitLocalRepositories\Github_MotylWRZ\RRT_6107COMP\6107COMP-Coursework-Template\Applications\6107COMP-Coursework-Template\TerrainGenerator.cpp(454,16): warning C4244: 'initializing': conversion from 'int' to 'float', possible loss of data
D:\Game Development\GitLocalRepositories\Github_MotylWRZ\RRT_6107COMP\6107COMP-Coursework-Template\Applications\6107COMP-Coursework-Template\TerrainGenerator.cpp(456,16): warning C4244: 'initializing': conversion from 'int' to 'float', possible loss of data
D:\Game Development\GitLocalRepositories\Github_MotylWRZ\RRT_6107COMP\6107COMP-Coursework-Template\Applications\6107COMP-Coursework-Template\TerrainGenerator.cpp(517,12): warning C4101: 'index': unreferenced local variable
D:\Game Development\GitLocalRepositories\Github_MotylWRZ\RRT_6107COMP\6107COMP-Coursework-Template\Applications\6107COMP-Coursework-Template\TerrainGenerator.cpp(553,25): warning C4244: 'initializing': conversion from 'double' to 'int', possible loss of data
D:\Game Development\GitLocalRepositories\Github_MotylWRZ\RRT_6107COMP\6107COMP-Coursework-Template\Applications\6107COMP-Coursework-Template\TerrainGenerator.cpp(622,10): warning C4244: 'initializing': conversion from 'double' to 'int', possible loss of data
D:\Game Development\GitLocalRepositories\Github_MotylWRZ\RRT_6107COMP\6107COMP-Coursework-Template\Applications\6107COMP-Coursework-Template\TerrainGenerator.cpp(665,17): warning C4244: '=': conversion from 'int' to 'float', possible loss of data
D:\Game Development\GitLocalRepositories\Github_MotylWRZ\RRT_6107COMP\6107COMP-Coursework-Template\Applications\6107COMP-Coursework-Template\TerrainGenerator.cpp(667,17): warning C4244: '=': conversion from 'int' to 'float', possible loss of data
  Generating Code...
  6107COMP-Coursework-Template.vcxproj -> D:\Game Development\GitLocalRepositories\Github_MotylWRZ\RRT_6107COMP\6107COMP-Coursework-Template\Applications\Bin\6107COMP-Coursework-Template.exe
