d:\game development\gitlocalrepositories\github_motylwrz\rrt_6107comp\6107comp-coursework-template\dependencies\lua-5.1.4\lualib\bin\win32\debug\lualib.pdb
d:\game development\gitlocalrepositories\github_motylwrz\rrt_6107comp\6107comp-coursework-template\dependencies\lua-5.1.4\lualib\bin\win32\debug\lualib.idb
d:\game development\gitlocalrepositories\github_motylwrz\rrt_6107comp\6107comp-coursework-template\dependencies\lua-5.1.4\lualib\bin\win32\debug\lparser.obj
d:\game development\gitlocalrepositories\github_motylwrz\rrt_6107comp\6107comp-coursework-template\dependencies\lua-5.1.4\lualib\bin\win32\debug\loslib.obj
d:\game development\gitlocalrepositories\github_motylwrz\rrt_6107comp\6107comp-coursework-template\dependencies\lua-5.1.4\lualib\bin\win32\debug\lopcodes.obj
d:\game development\gitlocalrepositories\github_motylwrz\rrt_6107comp\6107comp-coursework-template\dependencies\lua-5.1.4\lualib\bin\win32\debug\lobject.obj
d:\game development\gitlocalrepositories\github_motylwrz\rrt_6107comp\6107comp-coursework-template\dependencies\lua-5.1.4\lualib\bin\win32\debug\loadlib.obj
d:\game development\gitlocalrepositories\github_motylwrz\rrt_6107comp\6107comp-coursework-template\dependencies\lua-5.1.4\lualib\bin\win32\debug\lmem.obj
d:\game development\gitlocalrepositories\github_motylwrz\rrt_6107comp\6107comp-coursework-template\dependencies\lua-5.1.4\lualib\bin\win32\debug\lmathlib.obj
d:\game development\gitlocalrepositories\github_motylwrz\rrt_6107comp\6107comp-coursework-template\dependencies\lua-5.1.4\lualib\bin\win32\debug\llex.obj
d:\game development\gitlocalrepositories\github_motylwrz\rrt_6107comp\6107comp-coursework-template\dependencies\lua-5.1.4\lualib\bin\win32\debug\liolib.obj
d:\game development\gitlocalrepositories\github_motylwrz\rrt_6107comp\6107comp-coursework-template\dependencies\lua-5.1.4\lualib\bin\win32\debug\linit.obj
d:\game development\gitlocalrepositories\github_motylwrz\rrt_6107comp\6107comp-coursework-template\dependencies\lua-5.1.4\lualib\bin\win32\debug\lgc.obj
d:\game development\gitlocalrepositories\github_motylwrz\rrt_6107comp\6107comp-coursework-template\dependencies\lua-5.1.4\lualib\bin\win32\debug\lfunc.obj
d:\game development\gitlocalrepositories\github_motylwrz\rrt_6107comp\6107comp-coursework-template\dependencies\lua-5.1.4\lualib\bin\win32\debug\ldump.obj
d:\game development\gitlocalrepositories\github_motylwrz\rrt_6107comp\6107comp-coursework-template\dependencies\lua-5.1.4\lualib\bin\win32\debug\ldo.obj
d:\game development\gitlocalrepositories\github_motylwrz\rrt_6107comp\6107comp-coursework-template\dependencies\lua-5.1.4\lualib\bin\win32\debug\ldebug.obj
d:\game development\gitlocalrepositories\github_motylwrz\rrt_6107comp\6107comp-coursework-template\dependencies\lua-5.1.4\lualib\bin\win32\debug\ldblib.obj
d:\game development\gitlocalrepositories\github_motylwrz\rrt_6107comp\6107comp-coursework-template\dependencies\lua-5.1.4\lualib\bin\win32\debug\lcode.obj
d:\game development\gitlocalrepositories\github_motylwrz\rrt_6107comp\6107comp-coursework-template\dependencies\lua-5.1.4\lualib\bin\win32\debug\lbaselib.obj
d:\game development\gitlocalrepositories\github_motylwrz\rrt_6107comp\6107comp-coursework-template\dependencies\lua-5.1.4\lualib\bin\win32\debug\lauxlib.obj
d:\game development\gitlocalrepositories\github_motylwrz\rrt_6107comp\6107comp-coursework-template\dependencies\lua-5.1.4\lualib\bin\win32\debug\lapi.obj
d:\game development\gitlocalrepositories\github_motylwrz\rrt_6107comp\6107comp-coursework-template\dependencies\lua-5.1.4\lualib\bin\win32\debug\lzio.obj
d:\game development\gitlocalrepositories\github_motylwrz\rrt_6107comp\6107comp-coursework-template\dependencies\lua-5.1.4\lualib\bin\win32\debug\lvm.obj
d:\game development\gitlocalrepositories\github_motylwrz\rrt_6107comp\6107comp-coursework-template\dependencies\lua-5.1.4\lualib\bin\win32\debug\lundump.obj
d:\game development\gitlocalrepositories\github_motylwrz\rrt_6107comp\6107comp-coursework-template\dependencies\lua-5.1.4\lualib\bin\win32\debug\ltm.obj
d:\game development\gitlocalrepositories\github_motylwrz\rrt_6107comp\6107comp-coursework-template\dependencies\lua-5.1.4\lualib\bin\win32\debug\ltablib.obj
d:\game development\gitlocalrepositories\github_motylwrz\rrt_6107comp\6107comp-coursework-template\dependencies\lua-5.1.4\lualib\bin\win32\debug\ltable.obj
d:\game development\gitlocalrepositories\github_motylwrz\rrt_6107comp\6107comp-coursework-template\dependencies\lua-5.1.4\lualib\bin\win32\debug\lstrlib.obj
d:\game development\gitlocalrepositories\github_motylwrz\rrt_6107comp\6107comp-coursework-template\dependencies\lua-5.1.4\lualib\bin\win32\debug\lstring.obj
d:\game development\gitlocalrepositories\github_motylwrz\rrt_6107comp\6107comp-coursework-template\dependencies\lua-5.1.4\lualib\bin\win32\debug\lstate.obj
d:\game development\gitlocalrepositories\github_motylwrz\rrt_6107comp\6107comp-coursework-template\dependencies\lua-5.1.4\lualib\bin\win32\debug\lualib.lib
d:\game development\gitlocalrepositories\github_motylwrz\rrt_6107comp\6107comp-coursework-template\dependencies\lua-5.1.4\lualib\bin\win32\debug\lualib.tlog\cl.command.1.tlog
d:\game development\gitlocalrepositories\github_motylwrz\rrt_6107comp\6107comp-coursework-template\dependencies\lua-5.1.4\lualib\bin\win32\debug\lualib.tlog\cl.read.1.tlog
d:\game development\gitlocalrepositories\github_motylwrz\rrt_6107comp\6107comp-coursework-template\dependencies\lua-5.1.4\lualib\bin\win32\debug\lualib.tlog\cl.write.1.tlog
d:\game development\gitlocalrepositories\github_motylwrz\rrt_6107comp\6107comp-coursework-template\dependencies\lua-5.1.4\lualib\bin\win32\debug\lualib.tlog\lib-link.read.1.tlog
d:\game development\gitlocalrepositories\github_motylwrz\rrt_6107comp\6107comp-coursework-template\dependencies\lua-5.1.4\lualib\bin\win32\debug\lualib.tlog\lib-link.write.1.tlog
d:\game development\gitlocalrepositories\github_motylwrz\rrt_6107comp\6107comp-coursework-template\dependencies\lua-5.1.4\lualib\bin\win32\debug\lualib.tlog\lib.command.1.tlog
