f:\5108comp\5108comp-coursework-template\dependencies\directxtk\bin\desktop_2012\win32\debug\directxtk.pdb
e:\5108comp\coursework\5108comp-coursework-template\dependencies\directxtk\bin\desktop_2012\win32\debug\directxtk.pch
e:\5108comp\coursework\5108comp-coursework-template\dependencies\directxtk\bin\desktop_2012\win32\debug\directxtk.pdb
e:\5108comp\coursework\5108comp-coursework-template\dependencies\directxtk\bin\desktop_2012\win32\debug\directxtk.idb
e:\5108comp\coursework\5108comp-coursework-template\dependencies\directxtk\bin\desktop_2012\win32\debug\pch.obj
e:\5108comp\coursework\5108comp-coursework-template\dependencies\directxtk\bin\desktop_2012\win32\debug\alphatesteffect.obj
e:\5108comp\coursework\5108comp-coursework-template\dependencies\directxtk\bin\desktop_2012\win32\debug\basiceffect.obj
e:\5108comp\coursework\5108comp-coursework-template\dependencies\directxtk\bin\desktop_2012\win32\debug\commonstates.obj
e:\5108comp\coursework\5108comp-coursework-template\dependencies\directxtk\bin\desktop_2012\win32\debug\ddstextureloader.obj
e:\5108comp\coursework\5108comp-coursework-template\dependencies\directxtk\bin\desktop_2012\win32\debug\dualtextureeffect.obj
e:\5108comp\coursework\5108comp-coursework-template\dependencies\directxtk\bin\desktop_2012\win32\debug\binaryreader.obj
e:\5108comp\coursework\5108comp-coursework-template\dependencies\directxtk\bin\desktop_2012\win32\debug\effectcommon.obj
e:\5108comp\coursework\5108comp-coursework-template\dependencies\directxtk\bin\desktop_2012\win32\debug\environmentmapeffect.obj
e:\5108comp\coursework\5108comp-coursework-template\dependencies\directxtk\bin\desktop_2012\win32\debug\geometricprimitive.obj
e:\5108comp\coursework\5108comp-coursework-template\dependencies\directxtk\bin\desktop_2012\win32\debug\screengrab.obj
e:\5108comp\coursework\5108comp-coursework-template\dependencies\directxtk\bin\desktop_2012\win32\debug\skinnedeffect.obj
e:\5108comp\coursework\5108comp-coursework-template\dependencies\directxtk\bin\desktop_2012\win32\debug\spritebatch.obj
e:\5108comp\coursework\5108comp-coursework-template\dependencies\directxtk\bin\desktop_2012\win32\debug\primitivebatch.obj
e:\5108comp\coursework\5108comp-coursework-template\dependencies\directxtk\bin\desktop_2012\win32\debug\spritefont.obj
e:\5108comp\coursework\5108comp-coursework-template\dependencies\directxtk\bin\desktop_2012\win32\debug\vertextypes.obj
e:\5108comp\coursework\5108comp-coursework-template\dependencies\directxtk\bin\desktop_2012\win32\debug\wictextureloader.obj
e:\6107comp\6107comp-coursework-template\dependencies\directxtk\bin\desktop_2012\win32\debug\directxtk.pch
e:\6107comp\6107comp-coursework-template\dependencies\directxtk\bin\desktop_2012\win32\debug\directxtk.pdb
e:\6107comp\6107comp-coursework-template\dependencies\directxtk\bin\desktop_2012\win32\debug\directxtk.idb
e:\6107comp\6107comp-coursework-template\dependencies\directxtk\bin\desktop_2012\win32\debug\pch.obj
e:\6107comp\6107comp-coursework-template\dependencies\directxtk\bin\desktop_2012\win32\debug\alphatesteffect.obj
e:\6107comp\6107comp-coursework-template\dependencies\directxtk\bin\desktop_2012\win32\debug\basiceffect.obj
e:\6107comp\6107comp-coursework-template\dependencies\directxtk\bin\desktop_2012\win32\debug\commonstates.obj
e:\6107comp\6107comp-coursework-template\dependencies\directxtk\bin\desktop_2012\win32\debug\ddstextureloader.obj
e:\6107comp\6107comp-coursework-template\dependencies\directxtk\bin\desktop_2012\win32\debug\dualtextureeffect.obj
e:\6107comp\6107comp-coursework-template\dependencies\directxtk\bin\desktop_2012\win32\debug\binaryreader.obj
e:\6107comp\6107comp-coursework-template\dependencies\directxtk\bin\desktop_2012\win32\debug\effectcommon.obj
e:\6107comp\6107comp-coursework-template\dependencies\directxtk\bin\desktop_2012\win32\debug\environmentmapeffect.obj
e:\6107comp\6107comp-coursework-template\dependencies\directxtk\bin\desktop_2012\win32\debug\geometricprimitive.obj
e:\6107comp\6107comp-coursework-template\dependencies\directxtk\bin\desktop_2012\win32\debug\screengrab.obj
e:\6107comp\6107comp-coursework-template\dependencies\directxtk\bin\desktop_2012\win32\debug\skinnedeffect.obj
e:\6107comp\6107comp-coursework-template\dependencies\directxtk\bin\desktop_2012\win32\debug\spritebatch.obj
e:\6107comp\6107comp-coursework-template\dependencies\directxtk\bin\desktop_2012\win32\debug\primitivebatch.obj
e:\6107comp\6107comp-coursework-template\dependencies\directxtk\bin\desktop_2012\win32\debug\spritefont.obj
e:\6107comp\6107comp-coursework-template\dependencies\directxtk\bin\desktop_2012\win32\debug\vertextypes.obj
e:\6107comp\6107comp-coursework-template\dependencies\directxtk\bin\desktop_2012\win32\debug\wictextureloader.obj
f:\5108comp\5108comp-coursework-template\dependencies\directxtk\bin\desktop_2012\win32\debug\directxtk.lib
e:\5108comp\coursework\5108comp-coursework-template\dependencies\directxtk\bin\desktop_2012\win32\debug\directxtk.lib
e:\6107comp\6107comp-coursework-template\dependencies\directxtk\bin\desktop_2012\win32\debug\directxtk.lib
e:\6107comp\6107comp-coursework-template\dependencies\directxtk\bin\desktop_2012\win32\debug\direct_xtk.tlog\cl.command.1.tlog
e:\6107comp\6107comp-coursework-template\dependencies\directxtk\bin\desktop_2012\win32\debug\direct_xtk.tlog\cl.read.1.tlog
e:\6107comp\6107comp-coursework-template\dependencies\directxtk\bin\desktop_2012\win32\debug\direct_xtk.tlog\cl.write.1.tlog
e:\6107comp\6107comp-coursework-template\dependencies\directxtk\bin\desktop_2012\win32\debug\direct_xtk.tlog\lib-link.read.1.tlog
e:\6107comp\6107comp-coursework-template\dependencies\directxtk\bin\desktop_2012\win32\debug\direct_xtk.tlog\lib-link.write.1.tlog
e:\6107comp\6107comp-coursework-template\dependencies\directxtk\bin\desktop_2012\win32\debug\direct_xtk.tlog\lib.command.1.tlog
