  pch.cpp
  AlphaTestEffect.cpp
  BasicEffect.cpp
  CommonStates.cpp
  DDSTextureLoader.cpp
  DualTextureEffect.cpp
  BinaryReader.cpp
  EffectCommon.cpp
  EnvironmentMapEffect.cpp
  GeometricPrimitive.cpp
D:\Game Development\GitLocalRepositories\Github_MotylWRZ\RRT_6107COMP\6107COMP-Coursework-Template\Dependencies\DirectXTK\Src\GeometricPrimitive.cpp(597,25): warning C4244: 'initializing': conversion from 'double' to 'float', possible loss of data
D:\Game Development\GitLocalRepositories\Github_MotylWRZ\RRT_6107COMP\6107COMP-Coursework-Template\Dependencies\DirectXTK\Src\GeometricPrimitive.cpp(598,24): warning C4244: 'initializing': conversion from 'double' to 'float', possible loss of data
  ScreenGrab.cpp
D:\Game Development\GitLocalRepositories\Github_MotylWRZ\RRT_6107COMP\6107COMP-Coursework-Template\Dependencies\DirectXTK\Src\ScreenGrab.cpp(788,36): warning C4838: conversion from 'UINT' to 'INT' requires a narrowing conversion
D:\Game Development\GitLocalRepositories\Github_MotylWRZ\RRT_6107COMP\6107COMP-Coursework-Template\Dependencies\DirectXTK\Src\ScreenGrab.cpp(788,48): warning C4838: conversion from 'UINT' to 'INT' requires a narrowing conversion
  SkinnedEffect.cpp
  SpriteBatch.cpp
  PrimitiveBatch.cpp
  SpriteFont.cpp
  VertexTypes.cpp
  WICTextureLoader.cpp
  Generating Code...
  DirectXTK_Desktop_2012.vcxproj -> D:\Game Development\GitLocalRepositories\Github_MotylWRZ\RRT_6107COMP\6107COMP-Coursework-Template\Dependencies\DirectXTK\Bin\Desktop_2012\Win32\Debug\DirectXTK.lib
